TN:
SF:src/carta.ts
FN:27,<instance_members_initializer>
FN:39,Carta
FN:126,getID
FN:130,getNombre
FN:134,getTipos
FN:138,getCoste
FN:142,getColores
FN:146,getRareza
FN:150,getTexto
FN:154,getFyR
FN:163,getLealtad
FN:172,getValorMercado
FN:176,darColor
FN:199,mostrarCarta
FNF:14
FNH:12
FNDA:9,<instance_members_initializer>
FNDA:9,Carta
FNDA:7,getID
FNDA:7,getNombre
FNDA:7,getTipos
FNDA:6,getCoste
FNDA:7,getColores
FNDA:7,getRareza
FNDA:6,getTexto
FNDA:1,getFyR
FNDA:0,getLealtad
FNDA:7,getValorMercado
FNDA:0,darColor
FNDA:1,mostrarCarta
DA:1,1
DA:2,1
DA:3,1
DA:4,1
DA:5,1
DA:6,1
DA:7,1
DA:8,1
DA:9,1
DA:10,1
DA:11,1
DA:12,1
DA:13,1
DA:14,1
DA:15,1
DA:16,1
DA:17,1
DA:18,1
DA:19,1
DA:20,1
DA:21,1
DA:22,1
DA:23,1
DA:24,1
DA:25,1
DA:26,1
DA:27,1
DA:28,9
DA:29,9
DA:30,9
DA:31,9
DA:32,9
DA:33,9
DA:34,9
DA:35,9
DA:36,9
DA:37,9
DA:38,9
DA:39,9
DA:40,9
DA:41,9
DA:42,9
DA:43,9
DA:44,9
DA:45,9
DA:46,9
DA:47,9
DA:48,9
DA:49,9
DA:50,9
DA:51,9
DA:52,9
DA:53,9
DA:54,9
DA:55,9
DA:56,9
DA:57,9
DA:58,1
DA:59,1
DA:60,1
DA:61,1
DA:62,1
DA:63,9
DA:64,9
DA:65,1
DA:66,1
DA:67,1
DA:68,1
DA:69,1
DA:70,1
DA:71,1
DA:72,9
DA:73,9
DA:74,1
DA:75,1
DA:76,1
DA:77,1
DA:78,1
DA:79,1
DA:80,1
DA:81,9
DA:82,9
DA:83,2
DA:84,2
DA:85,2
DA:86,2
DA:87,2
DA:88,2
DA:89,2
DA:90,2
DA:91,9
DA:92,9
DA:93,1
DA:94,1
DA:95,1
DA:96,1
DA:97,1
DA:98,1
DA:99,9
DA:100,9
DA:101,9
DA:102,1
DA:103,1
DA:104,1
DA:105,1
DA:106,1
DA:107,1
DA:108,1
DA:109,9
DA:110,9
DA:111,1
DA:112,1
DA:113,1
DA:114,1
DA:115,1
DA:116,1
DA:117,1
DA:118,1
DA:119,9
DA:120,9
DA:121,1
DA:122,1
DA:123,9
DA:124,9
DA:125,9
DA:126,9
DA:127,7
DA:128,7
DA:129,9
DA:130,9
DA:131,7
DA:132,7
DA:133,9
DA:134,9
DA:135,7
DA:136,7
DA:137,9
DA:138,9
DA:139,6
DA:140,6
DA:141,9
DA:142,9
DA:143,7
DA:144,7
DA:145,9
DA:146,9
DA:147,7
DA:148,7
DA:149,9
DA:150,9
DA:151,6
DA:152,6
DA:153,9
DA:154,9
DA:155,1
DA:156,1
DA:157,1
DA:158,0
DA:159,0
DA:160,0
DA:161,1
DA:162,9
DA:163,9
DA:164,0
DA:165,0
DA:166,0
DA:167,0
DA:168,0
DA:169,0
DA:170,0
DA:171,9
DA:172,9
DA:173,7
DA:174,7
DA:175,9
DA:176,9
DA:177,0
DA:178,0
DA:179,0
DA:180,0
DA:181,0
DA:182,0
DA:183,0
DA:184,0
DA:185,0
DA:186,0
DA:187,0
DA:188,0
DA:189,0
DA:190,0
DA:191,0
DA:192,0
DA:193,0
DA:194,0
DA:195,0
DA:196,0
DA:197,0
DA:198,9
DA:199,9
DA:200,1
DA:201,1
DA:202,1
DA:203,1
DA:204,0
DA:205,0
DA:206,0
DA:207,0
DA:208,0
DA:209,0
DA:210,0
DA:211,0
DA:212,1
DA:213,1
DA:214,0
DA:215,0
DA:216,0
DA:217,0
DA:218,0
DA:219,0
DA:220,0
DA:221,0
DA:222,0
DA:223,0
DA:224,0
DA:225,0
DA:226,0
DA:227,1
DA:228,1
DA:229,0
DA:230,0
DA:231,0
DA:232,0
DA:233,0
DA:234,0
DA:235,0
DA:236,0
DA:237,0
DA:238,0
DA:239,0
DA:240,0
DA:241,0
DA:242,0
DA:243,1
DA:244,1
DA:245,0
DA:246,0
DA:247,0
DA:248,0
DA:249,0
DA:250,0
DA:251,0
DA:252,0
DA:253,0
DA:254,0
DA:255,0
DA:256,0
DA:257,0
DA:258,0
DA:259,0
DA:260,0
DA:261,1
DA:262,1
DA:263,0
DA:264,0
DA:265,0
DA:266,0
DA:267,0
DA:268,0
DA:269,0
DA:270,0
DA:271,0
DA:272,0
DA:273,0
DA:274,0
DA:275,0
DA:276,0
DA:277,1
DA:278,1
DA:279,0
DA:280,0
DA:281,0
DA:282,0
DA:283,0
DA:284,0
DA:285,0
DA:286,0
DA:287,0
DA:288,0
DA:289,0
DA:290,0
DA:291,0
DA:292,0
DA:293,1
DA:294,1
DA:295,0
DA:296,0
DA:297,0
DA:298,0
DA:299,0
DA:300,0
DA:301,0
DA:302,0
DA:303,0
DA:304,0
DA:305,0
DA:306,0
DA:307,0
DA:308,0
DA:309,0
DA:310,1
DA:311,1
DA:312,1
DA:313,1
DA:314,9
DA:315,9
LF:315
LH:190
BRDA:8,0,0,1
BRDA:18,1,0,1
BRDA:27,2,0,9
BRDA:39,3,0,9
BRDA:57,4,0,1
BRDA:64,5,0,1
BRDA:73,6,0,1
BRDA:82,7,0,2
BRDA:92,8,0,1
BRDA:101,9,0,1
BRDA:110,10,0,1
BRDA:120,11,0,1
BRDA:126,12,0,7
BRDA:130,13,0,7
BRDA:134,14,0,7
BRDA:138,15,0,6
BRDA:142,16,0,7
BRDA:146,17,0,7
BRDA:150,18,0,6
BRDA:154,19,0,1
BRDA:157,20,0,0
BRDA:172,21,0,7
BRDA:199,22,0,1
BRDA:203,23,0,0
BRDA:213,24,0,0
BRDA:228,25,0,0
BRDA:244,26,0,0
BRDA:262,27,0,0
BRDA:278,28,0,0
BRDA:294,29,0,0
BRF:30
BRH:22
end_of_record
